[ 25%] [32mBuilding CXX object CMakeFiles/camera_pub.dir/src/camera_pub.cpp.o[0m
[ 75%] Built target camera_sub
[100%] [32m[1mLinking CXX executable camera_pub[0m
[100%] Built target camera_pub
-- Install configuration: ""
-- Execute custom install script
-- Symlinking: /home/jpalves/dev_ws/src/elp/install/elp/lib/elp/camera_pub
-- Symlinking: /home/jpalves/dev_ws/src/elp/install/elp/lib/elp/camera_sub
-- Symlinking: /home/jpalves/dev_ws/src/elp/install/elp/share/elp/config/camera_params.yaml
-- Symlinking: /home/jpalves/dev_ws/src/elp/install/elp/share/elp/config/left.yaml
-- Symlinking: /home/jpalves/dev_ws/src/elp/install/elp/share/elp/config/right.yaml
-- Symlinking: /home/jpalves/dev_ws/src/elp/install/elp/share/elp/launch/camera_pub.launch.py
-- Symlinking: /home/jpalves/dev_ws/src/elp/install/elp/share/elp/launch/camera_sub.launch.py
-- Symlinking: /home/jpalves/dev_ws/src/elp/install/elp/share/ament_index/resource_index/package_run_dependencies/elp
-- Symlinking: /home/jpalves/dev_ws/src/elp/install/elp/share/ament_index/resource_index/parent_prefix_path/elp
-- Symlinking: /home/jpalves/dev_ws/src/elp/install/elp/share/elp/environment/ament_prefix_path.sh
-- Symlinking: /home/jpalves/dev_ws/src/elp/install/elp/share/elp/environment/ament_prefix_path.dsv
-- Symlinking: /home/jpalves/dev_ws/src/elp/install/elp/share/elp/environment/path.sh
-- Symlinking: /home/jpalves/dev_ws/src/elp/install/elp/share/elp/environment/path.dsv
-- Symlinking: /home/jpalves/dev_ws/src/elp/install/elp/share/elp/local_setup.bash
-- Symlinking: /home/jpalves/dev_ws/src/elp/install/elp/share/elp/local_setup.sh
-- Symlinking: /home/jpalves/dev_ws/src/elp/install/elp/share/elp/local_setup.zsh
-- Symlinking: /home/jpalves/dev_ws/src/elp/install/elp/share/elp/local_setup.dsv
-- Symlinking: /home/jpalves/dev_ws/src/elp/install/elp/share/elp/package.dsv
-- Symlinking: /home/jpalves/dev_ws/src/elp/install/elp/share/ament_index/resource_index/packages/elp
-- Symlinking: /home/jpalves/dev_ws/src/elp/install/elp/share/elp/cmake/elpConfig.cmake
-- Symlinking: /home/jpalves/dev_ws/src/elp/install/elp/share/elp/cmake/elpConfig-version.cmake
-- Symlinking: /home/jpalves/dev_ws/src/elp/install/elp/share/elp/package.xml
